

Started GET "/" for ::1 at 2016-02-12 23:06:21 -0200
Processing by Rails::WelcomeController#index as HTML
  Rendered C:/Ruby22/lib/ruby/gems/2.2.0/gems/railties-4.2.5.1/lib/rails/templates/rails/welcome/index.html.erb (8.0ms)
Completed 200 OK in 84ms (Views: 69.0ms | ActiveRecord: 0.0ms)
  [1m[36m (15.8ms)[0m  [1mCREATE TABLE "schema_migrations" ("version" varchar NOT NULL) [0m
  [1m[35m (0.0ms)[0m  select sqlite_version(*)
  [1m[36m (14.0ms)[0m  [1mCREATE UNIQUE INDEX "unique_schema_migrations" ON "schema_migrations" ("version")[0m
  [1m[35mActiveRecord::SchemaMigration Load (0.0ms)[0m  SELECT "schema_migrations".* FROM "schema_migrations"
Migrating to CreateContatos (20160213011231)
  [1m[36m (0.0ms)[0m  [1mbegin transaction[0m
  [1m[35m (1.0ms)[0m  CREATE TABLE "contatos" ("id" INTEGER PRIMARY KEY AUTOINCREMENT NOT NULL, "nome" varchar, "email" varchar, "idade" integer, "estado" varchar, "cargo" varchar, "created_at" datetime NOT NULL, "updated_at" datetime NOT NULL) 
  [1m[36mSQL (0.0ms)[0m  [1mINSERT INTO "schema_migrations" ("version") VALUES (?)[0m  [["version", "20160213011231"]]
  [1m[35m (15.3ms)[0m  commit transaction
  [1m[36mActiveRecord::SchemaMigration Load (0.0ms)[0m  [1mSELECT "schema_migrations".* FROM "schema_migrations"[0m


Started GET "/ideas" for ::1 at 2016-02-12 23:14:23 -0200
  [1m[36mActiveRecord::SchemaMigration Load (0.0ms)[0m  [1mSELECT "schema_migrations".* FROM "schema_migrations"[0m

ActionController::RoutingError (No route matches [GET] "/ideas"):
  actionpack (4.2.5.1) lib/action_dispatch/middleware/debug_exceptions.rb:21:in `call'
  web-console (2.3.0) lib/web_console/middleware.rb:28:in `block in call'
  web-console (2.3.0) lib/web_console/middleware.rb:18:in `catch'
  web-console (2.3.0) lib/web_console/middleware.rb:18:in `call'
  actionpack (4.2.5.1) lib/action_dispatch/middleware/show_exceptions.rb:30:in `call'
  railties (4.2.5.1) lib/rails/rack/logger.rb:38:in `call_app'
  railties (4.2.5.1) lib/rails/rack/logger.rb:20:in `block in call'
  activesupport (4.2.5.1) lib/active_support/tagged_logging.rb:68:in `block in tagged'
  activesupport (4.2.5.1) lib/active_support/tagged_logging.rb:26:in `tagged'
  activesupport (4.2.5.1) lib/active_support/tagged_logging.rb:68:in `tagged'
  railties (4.2.5.1) lib/rails/rack/logger.rb:20:in `call'
  actionpack (4.2.5.1) lib/action_dispatch/middleware/request_id.rb:21:in `call'
  rack (1.6.4) lib/rack/methodoverride.rb:22:in `call'
  rack (1.6.4) lib/rack/runtime.rb:18:in `call'
  activesupport (4.2.5.1) lib/active_support/cache/strategy/local_cache_middleware.rb:28:in `call'
  rack (1.6.4) lib/rack/lock.rb:17:in `call'
  actionpack (4.2.5.1) lib/action_dispatch/middleware/static.rb:116:in `call'
  rack (1.6.4) lib/rack/sendfile.rb:113:in `call'
  railties (4.2.5.1) lib/rails/engine.rb:518:in `call'
  railties (4.2.5.1) lib/rails/application.rb:165:in `call'
  rack (1.6.4) lib/rack/lock.rb:17:in `call'
  rack (1.6.4) lib/rack/content_length.rb:15:in `call'
  rack (1.6.4) lib/rack/handler/webrick.rb:88:in `service'
  C:/Ruby22/lib/ruby/2.2.0/webrick/httpserver.rb:138:in `service'
  C:/Ruby22/lib/ruby/2.2.0/webrick/httpserver.rb:94:in `run'
  C:/Ruby22/lib/ruby/2.2.0/webrick/server.rb:294:in `block in start_thread'


  Rendered C:/Ruby22/lib/ruby/gems/2.2.0/gems/actionpack-4.2.5.1/lib/action_dispatch/middleware/templates/rescues/_trace.html.erb (2.0ms)
  Rendered C:/Ruby22/lib/ruby/gems/2.2.0/gems/actionpack-4.2.5.1/lib/action_dispatch/middleware/templates/routes/_route.html.erb (1.0ms)
  Rendered C:/Ruby22/lib/ruby/gems/2.2.0/gems/actionpack-4.2.5.1/lib/action_dispatch/middleware/templates/routes/_table.html.erb (26.0ms)
  Rendered C:/Ruby22/lib/ruby/gems/2.2.0/gems/actionpack-4.2.5.1/lib/action_dispatch/middleware/templates/rescues/_request_and_response.html.erb (15.2ms)
  Rendered C:/Ruby22/lib/ruby/gems/2.2.0/gems/actionpack-4.2.5.1/lib/action_dispatch/middleware/templates/rescues/routing_error.html.erb within rescues/layout (1938.5ms)
  Rendered C:/Ruby22/lib/ruby/gems/2.2.0/gems/web-console-2.3.0/lib/web_console/templates/_markup.html.erb (0.0ms)
  Rendered C:/Ruby22/lib/ruby/gems/2.2.0/gems/web-console-2.3.0/lib/web_console/templates/_inner_console_markup.html.erb within layouts/inlined_string (0.0ms)
  Rendered C:/Ruby22/lib/ruby/gems/2.2.0/gems/web-console-2.3.0/lib/web_console/templates/_prompt_box_markup.html.erb within layouts/inlined_string (0.0ms)
  Rendered C:/Ruby22/lib/ruby/gems/2.2.0/gems/web-console-2.3.0/lib/web_console/templates/style.css.erb within layouts/inlined_string (1.0ms)
  Rendered C:/Ruby22/lib/ruby/gems/2.2.0/gems/web-console-2.3.0/lib/web_console/templates/console.js.erb within layouts/javascript (1125.8ms)
  Rendered C:/Ruby22/lib/ruby/gems/2.2.0/gems/web-console-2.3.0/lib/web_console/templates/main.js.erb within layouts/javascript (0.0ms)
  Rendered C:/Ruby22/lib/ruby/gems/2.2.0/gems/web-console-2.3.0/lib/web_console/templates/error_page.js.erb within layouts/javascript (1.0ms)
  Rendered C:/Ruby22/lib/ruby/gems/2.2.0/gems/web-console-2.3.0/lib/web_console/templates/index.html.erb (2651.5ms)


Started GET "/contatos" for ::1 at 2016-02-12 23:15:12 -0200
Processing by ContatosController#index as HTML
  [1m[35mContato Load (0.0ms)[0m  SELECT "contatos".* FROM "contatos"
  Rendered contatos/index.html.erb within layouts/application (3.0ms)
Completed 500 Internal Server Error in 5857ms (ActiveRecord: 1.0ms)

ActionView::Template::Error (TypeError: O objeto não dá suporte para a propriedade ou método):
    2: <html>
    3: <head>
    4:   <title>Desafiord</title>
    5:   <%= stylesheet_link_tag    'application', media: 'all', 'data-turbolinks-track' => true %>
    6:   <%= javascript_include_tag 'application', 'data-turbolinks-track' => true %>
    7:   <%= csrf_meta_tags %>
    8: </head>
  app/views/layouts/application.html.erb:5:in `_app_views_layouts_application_html_erb___918366205_49227972'


  Rendered C:/Ruby22/lib/ruby/gems/2.2.0/gems/actionpack-4.2.5.1/lib/action_dispatch/middleware/templates/rescues/_source.erb (2.0ms)
  Rendered C:/Ruby22/lib/ruby/gems/2.2.0/gems/actionpack-4.2.5.1/lib/action_dispatch/middleware/templates/rescues/_trace.html.erb (16.0ms)
  Rendered C:/Ruby22/lib/ruby/gems/2.2.0/gems/actionpack-4.2.5.1/lib/action_dispatch/middleware/templates/rescues/_request_and_response.html.erb (1.0ms)
  Rendered C:/Ruby22/lib/ruby/gems/2.2.0/gems/actionpack-4.2.5.1/lib/action_dispatch/middleware/templates/rescues/template_error.html.erb within rescues/layout (1620.2ms)
  Rendered C:/Ruby22/lib/ruby/gems/2.2.0/gems/web-console-2.3.0/lib/web_console/templates/_markup.html.erb (1.0ms)
  Rendered C:/Ruby22/lib/ruby/gems/2.2.0/gems/web-console-2.3.0/lib/web_console/templates/_inner_console_markup.html.erb within layouts/inlined_string (0.0ms)
  Rendered C:/Ruby22/lib/ruby/gems/2.2.0/gems/web-console-2.3.0/lib/web_console/templates/_prompt_box_markup.html.erb within layouts/inlined_string (0.0ms)
  Rendered C:/Ruby22/lib/ruby/gems/2.2.0/gems/web-console-2.3.0/lib/web_console/templates/style.css.erb within layouts/inlined_string (0.0ms)
  Rendered C:/Ruby22/lib/ruby/gems/2.2.0/gems/web-console-2.3.0/lib/web_console/templates/console.js.erb within layouts/javascript (1217.6ms)
  Rendered C:/Ruby22/lib/ruby/gems/2.2.0/gems/web-console-2.3.0/lib/web_console/templates/main.js.erb within layouts/javascript (0.0ms)
  Rendered C:/Ruby22/lib/ruby/gems/2.2.0/gems/web-console-2.3.0/lib/web_console/templates/error_page.js.erb within layouts/javascript (1.0ms)
  Rendered C:/Ruby22/lib/ruby/gems/2.2.0/gems/web-console-2.3.0/lib/web_console/templates/index.html.erb (2768.7ms)


Started GET "/contato" for ::1 at 2016-02-12 23:15:32 -0200

ActionController::RoutingError (No route matches [GET] "/contato"):
  actionpack (4.2.5.1) lib/action_dispatch/middleware/debug_exceptions.rb:21:in `call'
  web-console (2.3.0) lib/web_console/middleware.rb:28:in `block in call'
  web-console (2.3.0) lib/web_console/middleware.rb:18:in `catch'
  web-console (2.3.0) lib/web_console/middleware.rb:18:in `call'
  actionpack (4.2.5.1) lib/action_dispatch/middleware/show_exceptions.rb:30:in `call'
  railties (4.2.5.1) lib/rails/rack/logger.rb:38:in `call_app'
  railties (4.2.5.1) lib/rails/rack/logger.rb:20:in `block in call'
  activesupport (4.2.5.1) lib/active_support/tagged_logging.rb:68:in `block in tagged'
  activesupport (4.2.5.1) lib/active_support/tagged_logging.rb:26:in `tagged'
  activesupport (4.2.5.1) lib/active_support/tagged_logging.rb:68:in `tagged'
  railties (4.2.5.1) lib/rails/rack/logger.rb:20:in `call'
  actionpack (4.2.5.1) lib/action_dispatch/middleware/request_id.rb:21:in `call'
  rack (1.6.4) lib/rack/methodoverride.rb:22:in `call'
  rack (1.6.4) lib/rack/runtime.rb:18:in `call'
  activesupport (4.2.5.1) lib/active_support/cache/strategy/local_cache_middleware.rb:28:in `call'
  rack (1.6.4) lib/rack/lock.rb:17:in `call'
  actionpack (4.2.5.1) lib/action_dispatch/middleware/static.rb:116:in `call'
  rack (1.6.4) lib/rack/sendfile.rb:113:in `call'
  railties (4.2.5.1) lib/rails/engine.rb:518:in `call'
  railties (4.2.5.1) lib/rails/application.rb:165:in `call'
  rack (1.6.4) lib/rack/lock.rb:17:in `call'
  rack (1.6.4) lib/rack/content_length.rb:15:in `call'
  rack (1.6.4) lib/rack/handler/webrick.rb:88:in `service'
  C:/Ruby22/lib/ruby/2.2.0/webrick/httpserver.rb:138:in `service'
  C:/Ruby22/lib/ruby/2.2.0/webrick/httpserver.rb:94:in `run'
  C:/Ruby22/lib/ruby/2.2.0/webrick/server.rb:294:in `block in start_thread'


  Rendered C:/Ruby22/lib/ruby/gems/2.2.0/gems/actionpack-4.2.5.1/lib/action_dispatch/middleware/templates/rescues/_trace.html.erb (2.0ms)
  Rendered C:/Ruby22/lib/ruby/gems/2.2.0/gems/actionpack-4.2.5.1/lib/action_dispatch/middleware/templates/routes/_route.html.erb (2.0ms)
  Rendered C:/Ruby22/lib/ruby/gems/2.2.0/gems/actionpack-4.2.5.1/lib/action_dispatch/middleware/templates/routes/_table.html.erb (2.0ms)
  Rendered C:/Ruby22/lib/ruby/gems/2.2.0/gems/actionpack-4.2.5.1/lib/action_dispatch/middleware/templates/rescues/_request_and_response.html.erb (1.0ms)
  Rendered C:/Ruby22/lib/ruby/gems/2.2.0/gems/actionpack-4.2.5.1/lib/action_dispatch/middleware/templates/rescues/routing_error.html.erb within rescues/layout (2232.8ms)
  Rendered C:/Ruby22/lib/ruby/gems/2.2.0/gems/web-console-2.3.0/lib/web_console/templates/_markup.html.erb (1.0ms)
  Rendered C:/Ruby22/lib/ruby/gems/2.2.0/gems/web-console-2.3.0/lib/web_console/templates/_inner_console_markup.html.erb within layouts/inlined_string (0.0ms)
  Rendered C:/Ruby22/lib/ruby/gems/2.2.0/gems/web-console-2.3.0/lib/web_console/templates/_prompt_box_markup.html.erb within layouts/inlined_string (0.0ms)
  Rendered C:/Ruby22/lib/ruby/gems/2.2.0/gems/web-console-2.3.0/lib/web_console/templates/style.css.erb within layouts/inlined_string (1.0ms)
  Rendered C:/Ruby22/lib/ruby/gems/2.2.0/gems/web-console-2.3.0/lib/web_console/templates/console.js.erb within layouts/javascript (1918.7ms)
  Rendered C:/Ruby22/lib/ruby/gems/2.2.0/gems/web-console-2.3.0/lib/web_console/templates/main.js.erb within layouts/javascript (1.0ms)
  Rendered C:/Ruby22/lib/ruby/gems/2.2.0/gems/web-console-2.3.0/lib/web_console/templates/error_page.js.erb within layouts/javascript (1.0ms)
  Rendered C:/Ruby22/lib/ruby/gems/2.2.0/gems/web-console-2.3.0/lib/web_console/templates/index.html.erb (3796.0ms)


Started GET "/contatos" for ::1 at 2016-02-12 23:16:01 -0200
Processing by ContatosController#index as HTML
  [1m[36mContato Load (0.0ms)[0m  [1mSELECT "contatos".* FROM "contatos"[0m
  Rendered contatos/index.html.erb within layouts/application (2.6ms)
Completed 500 Internal Server Error in 3283ms (ActiveRecord: 0.0ms)

ActionView::Template::Error (TypeError: O objeto não dá suporte para a propriedade ou método):
    2: <html>
    3: <head>
    4:   <title>Desafiord</title>
    5:   <%= stylesheet_link_tag    'application', media: 'all', 'data-turbolinks-track' => true %>
    6:   <%= javascript_include_tag 'application', 'data-turbolinks-track' => true %>
    7:   <%= csrf_meta_tags %>
    8: </head>
  app/views/layouts/application.html.erb:5:in `_app_views_layouts_application_html_erb___918366205_49227972'


  Rendered C:/Ruby22/lib/ruby/gems/2.2.0/gems/actionpack-4.2.5.1/lib/action_dispatch/middleware/templates/rescues/_source.erb (1.0ms)
  Rendered C:/Ruby22/lib/ruby/gems/2.2.0/gems/actionpack-4.2.5.1/lib/action_dispatch/middleware/templates/rescues/_trace.html.erb (9.0ms)
  Rendered C:/Ruby22/lib/ruby/gems/2.2.0/gems/actionpack-4.2.5.1/lib/action_dispatch/middleware/templates/rescues/_request_and_response.html.erb (1.0ms)
  Rendered C:/Ruby22/lib/ruby/gems/2.2.0/gems/actionpack-4.2.5.1/lib/action_dispatch/middleware/templates/rescues/template_error.html.erb within rescues/layout (1790.3ms)
  Rendered C:/Ruby22/lib/ruby/gems/2.2.0/gems/web-console-2.3.0/lib/web_console/templates/_markup.html.erb (0.0ms)
  Rendered C:/Ruby22/lib/ruby/gems/2.2.0/gems/web-console-2.3.0/lib/web_console/templates/_inner_console_markup.html.erb within layouts/inlined_string (1.0ms)
  Rendered C:/Ruby22/lib/ruby/gems/2.2.0/gems/web-console-2.3.0/lib/web_console/templates/_prompt_box_markup.html.erb within layouts/inlined_string (1.0ms)
  Rendered C:/Ruby22/lib/ruby/gems/2.2.0/gems/web-console-2.3.0/lib/web_console/templates/style.css.erb within layouts/inlined_string (0.0ms)
  Rendered C:/Ruby22/lib/ruby/gems/2.2.0/gems/web-console-2.3.0/lib/web_console/templates/console.js.erb within layouts/javascript (1837.3ms)
  Rendered C:/Ruby22/lib/ruby/gems/2.2.0/gems/web-console-2.3.0/lib/web_console/templates/main.js.erb within layouts/javascript (0.0ms)
  Rendered C:/Ruby22/lib/ruby/gems/2.2.0/gems/web-console-2.3.0/lib/web_console/templates/error_page.js.erb within layouts/javascript (1.0ms)
  Rendered C:/Ruby22/lib/ruby/gems/2.2.0/gems/web-console-2.3.0/lib/web_console/templates/index.html.erb (3960.6ms)


Started GET "/contatos" for ::1 at 2016-02-12 23:19:45 -0200
Processing by ContatosController#index as HTML
  [1m[35mContato Load (1.0ms)[0m  SELECT "contatos".* FROM "contatos"
  Rendered contatos/index.html.erb within layouts/application (2.0ms)
Completed 500 Internal Server Error in 3574ms (ActiveRecord: 1.0ms)

ActionView::Template::Error (TypeError: O objeto não dá suporte para a propriedade ou método):
    3: <head>
    4:   <title>Desafiord</title>
    5:   <link rel="stylesheet" href="http://railsgirls.com/assets/bootstrap.css">
    6:   <%= stylesheet_link_tag    'application', media: 'all', 'data-turbolinks-track' => true %>
    7:   <%= javascript_include_tag 'application', 'data-turbolinks-track' => true %>
    8:   <%= csrf_meta_tags %>
    9: </head>
  app/views/layouts/application.html.erb:6:in `_app_views_layouts_application_html_erb___918366205_73269132'


  Rendered C:/Ruby22/lib/ruby/gems/2.2.0/gems/actionpack-4.2.5.1/lib/action_dispatch/middleware/templates/rescues/_source.erb (2.0ms)
  Rendered C:/Ruby22/lib/ruby/gems/2.2.0/gems/actionpack-4.2.5.1/lib/action_dispatch/middleware/templates/rescues/_trace.html.erb (5.0ms)
  Rendered C:/Ruby22/lib/ruby/gems/2.2.0/gems/actionpack-4.2.5.1/lib/action_dispatch/middleware/templates/rescues/_request_and_response.html.erb (1.0ms)
  Rendered C:/Ruby22/lib/ruby/gems/2.2.0/gems/actionpack-4.2.5.1/lib/action_dispatch/middleware/templates/rescues/template_error.html.erb within rescues/layout (1691.2ms)
  Rendered C:/Ruby22/lib/ruby/gems/2.2.0/gems/web-console-2.3.0/lib/web_console/templates/_markup.html.erb (0.0ms)
  Rendered C:/Ruby22/lib/ruby/gems/2.2.0/gems/web-console-2.3.0/lib/web_console/templates/_inner_console_markup.html.erb within layouts/inlined_string (1.0ms)
  Rendered C:/Ruby22/lib/ruby/gems/2.2.0/gems/web-console-2.3.0/lib/web_console/templates/_prompt_box_markup.html.erb within layouts/inlined_string (0.0ms)
  Rendered C:/Ruby22/lib/ruby/gems/2.2.0/gems/web-console-2.3.0/lib/web_console/templates/style.css.erb within layouts/inlined_string (1.0ms)
  Rendered C:/Ruby22/lib/ruby/gems/2.2.0/gems/web-console-2.3.0/lib/web_console/templates/console.js.erb within layouts/javascript (1679.5ms)
  Rendered C:/Ruby22/lib/ruby/gems/2.2.0/gems/web-console-2.3.0/lib/web_console/templates/main.js.erb within layouts/javascript (1.0ms)
  Rendered C:/Ruby22/lib/ruby/gems/2.2.0/gems/web-console-2.3.0/lib/web_console/templates/error_page.js.erb within layouts/javascript (1.0ms)
  Rendered C:/Ruby22/lib/ruby/gems/2.2.0/gems/web-console-2.3.0/lib/web_console/templates/index.html.erb (3585.9ms)


Started GET "/contatos" for ::1 at 2016-02-12 23:20:25 -0200
Processing by ContatosController#index as HTML
  [1m[36mContato Load (0.0ms)[0m  [1mSELECT "contatos".* FROM "contatos"[0m
  Rendered contatos/index.html.erb within layouts/application (3.0ms)
Completed 500 Internal Server Error in 3079ms (ActiveRecord: 0.0ms)

ActionView::Template::Error (TypeError: O objeto não dá suporte para a propriedade ou método):
    3: <head>
    4:   <title>Desafiord</title>
    5:   <link rel="stylesheet" href="http://railsgirls.com/assets/bootstrap.css">
    6:   <%= javascript_include_tag 'application', 'data-turbolinks-track' => true %>
    7:   <%= csrf_meta_tags %>
    8: </head>
    9: <body>
  app/views/layouts/application.html.erb:6:in `_app_views_layouts_application_html_erb___918366205_69575412'


  Rendered C:/Ruby22/lib/ruby/gems/2.2.0/gems/actionpack-4.2.5.1/lib/action_dispatch/middleware/templates/rescues/_source.erb (1.0ms)
  Rendered C:/Ruby22/lib/ruby/gems/2.2.0/gems/actionpack-4.2.5.1/lib/action_dispatch/middleware/templates/rescues/_trace.html.erb (6.0ms)
  Rendered C:/Ruby22/lib/ruby/gems/2.2.0/gems/actionpack-4.2.5.1/lib/action_dispatch/middleware/templates/rescues/_request_and_response.html.erb (0.0ms)
  Rendered C:/Ruby22/lib/ruby/gems/2.2.0/gems/actionpack-4.2.5.1/lib/action_dispatch/middleware/templates/rescues/template_error.html.erb within rescues/layout (1580.3ms)
  Rendered C:/Ruby22/lib/ruby/gems/2.2.0/gems/web-console-2.3.0/lib/web_console/templates/_markup.html.erb (0.0ms)
  Rendered C:/Ruby22/lib/ruby/gems/2.2.0/gems/web-console-2.3.0/lib/web_console/templates/_inner_console_markup.html.erb within layouts/inlined_string (1.0ms)
  Rendered C:/Ruby22/lib/ruby/gems/2.2.0/gems/web-console-2.3.0/lib/web_console/templates/_prompt_box_markup.html.erb within layouts/inlined_string (1.0ms)
  Rendered C:/Ruby22/lib/ruby/gems/2.2.0/gems/web-console-2.3.0/lib/web_console/templates/style.css.erb within layouts/inlined_string (0.0ms)
  Rendered C:/Ruby22/lib/ruby/gems/2.2.0/gems/web-console-2.3.0/lib/web_console/templates/console.js.erb within layouts/javascript (1523.2ms)
  Rendered C:/Ruby22/lib/ruby/gems/2.2.0/gems/web-console-2.3.0/lib/web_console/templates/main.js.erb within layouts/javascript (0.0ms)
  Rendered C:/Ruby22/lib/ruby/gems/2.2.0/gems/web-console-2.3.0/lib/web_console/templates/error_page.js.erb within layouts/javascript (1.0ms)
  Rendered C:/Ruby22/lib/ruby/gems/2.2.0/gems/web-console-2.3.0/lib/web_console/templates/index.html.erb (3382.2ms)


Started POST "/__web_console/repl_sessions/05ec23ec639af6df444ce96d1ac650ee/trace" for ::1 at 2016-02-12 23:21:04 -0200


Started POST "/__web_console/repl_sessions/05ec23ec639af6df444ce96d1ac650ee/trace" for ::1 at 2016-02-12 23:21:07 -0200


Started GET "/contatos/new" for ::1 at 2016-02-12 23:22:04 -0200
Processing by ContatosController#new as HTML
  Rendered contatos/_form.html.erb (51.1ms)
  Rendered contatos/new.html.erb within layouts/application (75.1ms)
Completed 500 Internal Server Error in 3596ms (ActiveRecord: 1.0ms)

ActionView::Template::Error (TypeError: O objeto não dá suporte para a propriedade ou método):
    3: <head>
    4:   <title>Desafiord</title>
    5:   <link rel="stylesheet" href="http://railsgirls.com/assets/bootstrap.css">
    6:   <%= stylesheet_link_tag    'application', media: 'all', 'data-turbolinks-track' => true %>
    7:   <%= javascript_include_tag 'application', 'data-turbolinks-track' => true %>
    8:   <%= csrf_meta_tags %>
    9: </head>
  app/views/layouts/application.html.erb:6:in `_app_views_layouts_application_html_erb___918366205_70741248'


  Rendered C:/Ruby22/lib/ruby/gems/2.2.0/gems/actionpack-4.2.5.1/lib/action_dispatch/middleware/templates/rescues/_source.erb (2.0ms)
  Rendered C:/Ruby22/lib/ruby/gems/2.2.0/gems/actionpack-4.2.5.1/lib/action_dispatch/middleware/templates/rescues/_trace.html.erb (7.0ms)
  Rendered C:/Ruby22/lib/ruby/gems/2.2.0/gems/actionpack-4.2.5.1/lib/action_dispatch/middleware/templates/rescues/_request_and_response.html.erb (2.0ms)
  Rendered C:/Ruby22/lib/ruby/gems/2.2.0/gems/actionpack-4.2.5.1/lib/action_dispatch/middleware/templates/rescues/template_error.html.erb within rescues/layout (1772.0ms)
  Rendered C:/Ruby22/lib/ruby/gems/2.2.0/gems/web-console-2.3.0/lib/web_console/templates/_markup.html.erb (0.0ms)
  Rendered C:/Ruby22/lib/ruby/gems/2.2.0/gems/web-console-2.3.0/lib/web_console/templates/_inner_console_markup.html.erb within layouts/inlined_string (1.0ms)
  Rendered C:/Ruby22/lib/ruby/gems/2.2.0/gems/web-console-2.3.0/lib/web_console/templates/_prompt_box_markup.html.erb within layouts/inlined_string (0.0ms)
  Rendered C:/Ruby22/lib/ruby/gems/2.2.0/gems/web-console-2.3.0/lib/web_console/templates/style.css.erb within layouts/inlined_string (1.0ms)
  Rendered C:/Ruby22/lib/ruby/gems/2.2.0/gems/web-console-2.3.0/lib/web_console/templates/console.js.erb within layouts/javascript (1680.6ms)
  Rendered C:/Ruby22/lib/ruby/gems/2.2.0/gems/web-console-2.3.0/lib/web_console/templates/main.js.erb within layouts/javascript (0.0ms)
  Rendered C:/Ruby22/lib/ruby/gems/2.2.0/gems/web-console-2.3.0/lib/web_console/templates/error_page.js.erb within layouts/javascript (1.0ms)
  Rendered C:/Ruby22/lib/ruby/gems/2.2.0/gems/web-console-2.3.0/lib/web_console/templates/index.html.erb (3636.6ms)


Started GET "/contatos" for ::1 at 2016-02-12 23:25:14 -0200
  [1m[36mActiveRecord::SchemaMigration Load (0.0ms)[0m  [1mSELECT "schema_migrations".* FROM "schema_migrations"[0m
Processing by ContatosController#index as HTML
  [1m[35mContato Load (1.0ms)[0m  SELECT "contatos".* FROM "contatos"
  Rendered contatos/index.html.erb within layouts/application (6.0ms)
Completed 500 Internal Server Error in 4653ms (ActiveRecord: 2.0ms)

ActionView::Template::Error (TypeError: O objeto não dá suporte para a propriedade ou método):
    3: <head>
    4:   <title>Desafiord</title>
    5:   <link rel="stylesheet" href="http://railsgirls.com/assets/bootstrap.css">
    6:   <%= stylesheet_link_tag    'application', media: 'all', 'data-turbolinks-track' => true %>
    7:   <%= javascript_include_tag 'application', 'data-turbolinks-track' => true %>
    8:   <%= csrf_meta_tags %>
    9: </head>
  app/views/layouts/application.html.erb:6:in `_app_views_layouts_application_html_erb__964094383_51135408'


  Rendered C:/Ruby22/lib/ruby/gems/2.2.0/gems/actionpack-4.2.5.1/lib/action_dispatch/middleware/templates/rescues/_source.erb (1.0ms)
  Rendered C:/Ruby22/lib/ruby/gems/2.2.0/gems/actionpack-4.2.5.1/lib/action_dispatch/middleware/templates/rescues/_trace.html.erb (8.0ms)
  Rendered C:/Ruby22/lib/ruby/gems/2.2.0/gems/actionpack-4.2.5.1/lib/action_dispatch/middleware/templates/rescues/_request_and_response.html.erb (4.0ms)
  Rendered C:/Ruby22/lib/ruby/gems/2.2.0/gems/actionpack-4.2.5.1/lib/action_dispatch/middleware/templates/rescues/template_error.html.erb within rescues/layout (1753.0ms)
  Rendered C:/Ruby22/lib/ruby/gems/2.2.0/gems/web-console-2.3.0/lib/web_console/templates/_markup.html.erb (1.0ms)
  Rendered C:/Ruby22/lib/ruby/gems/2.2.0/gems/web-console-2.3.0/lib/web_console/templates/_inner_console_markup.html.erb within layouts/inlined_string (1.0ms)
  Rendered C:/Ruby22/lib/ruby/gems/2.2.0/gems/web-console-2.3.0/lib/web_console/templates/_prompt_box_markup.html.erb within layouts/inlined_string (0.0ms)
  Rendered C:/Ruby22/lib/ruby/gems/2.2.0/gems/web-console-2.3.0/lib/web_console/templates/style.css.erb within layouts/inlined_string (0.0ms)
  Rendered C:/Ruby22/lib/ruby/gems/2.2.0/gems/web-console-2.3.0/lib/web_console/templates/console.js.erb within layouts/javascript (1556.2ms)
  Rendered C:/Ruby22/lib/ruby/gems/2.2.0/gems/web-console-2.3.0/lib/web_console/templates/main.js.erb within layouts/javascript (0.0ms)
  Rendered C:/Ruby22/lib/ruby/gems/2.2.0/gems/web-console-2.3.0/lib/web_console/templates/error_page.js.erb within layouts/javascript (1.0ms)
  Rendered C:/Ruby22/lib/ruby/gems/2.2.0/gems/web-console-2.3.0/lib/web_console/templates/index.html.erb (4066.9ms)


Started GET "/contatos" for ::1 at 2016-02-12 23:27:25 -0200
Processing by ContatosController#index as HTML
  [1m[36mContato Load (0.0ms)[0m  [1mSELECT "contatos".* FROM "contatos"[0m
  Rendered contatos/index.html.erb within layouts/application (3.0ms)
Completed 500 Internal Server Error in 3111ms (ActiveRecord: 0.0ms)

ActionView::Template::Error (TypeError: O objeto não dá suporte para a propriedade ou método):
    3: <head>
    4:   <title>Desafiord</title>
    5:   <link rel="stylesheet" href="http://railsgirls.com/assets/bootstrap.css">
    6:   <%= stylesheet_link_tag    'application', media: 'all', 'data-turbolinks-track' => true %>
    7:   <!--%= javascript_include_tag 'application', 'data-turbolinks-track' => true %-->
    8:   <%= csrf_meta_tags %>
    9: </head>
  app/views/layouts/application.html.erb:6:in `_app_views_layouts_application_html_erb__964094383_71935608'


  Rendered C:/Ruby22/lib/ruby/gems/2.2.0/gems/actionpack-4.2.5.1/lib/action_dispatch/middleware/templates/rescues/_source.erb (2.0ms)
  Rendered C:/Ruby22/lib/ruby/gems/2.2.0/gems/actionpack-4.2.5.1/lib/action_dispatch/middleware/templates/rescues/_trace.html.erb (17.1ms)
  Rendered C:/Ruby22/lib/ruby/gems/2.2.0/gems/actionpack-4.2.5.1/lib/action_dispatch/middleware/templates/rescues/_request_and_response.html.erb (1.0ms)
  Rendered C:/Ruby22/lib/ruby/gems/2.2.0/gems/actionpack-4.2.5.1/lib/action_dispatch/middleware/templates/rescues/template_error.html.erb within rescues/layout (2150.6ms)
  Rendered C:/Ruby22/lib/ruby/gems/2.2.0/gems/web-console-2.3.0/lib/web_console/templates/_markup.html.erb (0.0ms)
  Rendered C:/Ruby22/lib/ruby/gems/2.2.0/gems/web-console-2.3.0/lib/web_console/templates/_inner_console_markup.html.erb within layouts/inlined_string (1.0ms)
  Rendered C:/Ruby22/lib/ruby/gems/2.2.0/gems/web-console-2.3.0/lib/web_console/templates/_prompt_box_markup.html.erb within layouts/inlined_string (0.0ms)
  Rendered C:/Ruby22/lib/ruby/gems/2.2.0/gems/web-console-2.3.0/lib/web_console/templates/style.css.erb within layouts/inlined_string (1.0ms)
  Rendered C:/Ruby22/lib/ruby/gems/2.2.0/gems/web-console-2.3.0/lib/web_console/templates/console.js.erb within layouts/javascript (1926.4ms)
  Rendered C:/Ruby22/lib/ruby/gems/2.2.0/gems/web-console-2.3.0/lib/web_console/templates/main.js.erb within layouts/javascript (0.0ms)
  Rendered C:/Ruby22/lib/ruby/gems/2.2.0/gems/web-console-2.3.0/lib/web_console/templates/error_page.js.erb within layouts/javascript (0.0ms)
  Rendered C:/Ruby22/lib/ruby/gems/2.2.0/gems/web-console-2.3.0/lib/web_console/templates/index.html.erb (4023.2ms)


Started GET "/contatos" for ::1 at 2016-02-12 23:28:02 -0200
  [1m[36mActiveRecord::SchemaMigration Load (0.0ms)[0m  [1mSELECT "schema_migrations".* FROM "schema_migrations"[0m
Processing by ContatosController#index as HTML
  [1m[35mContato Load (1.0ms)[0m  SELECT "contatos".* FROM "contatos"
  Rendered contatos/index.html.erb within layouts/application (5.3ms)
Completed 500 Internal Server Error in 4381ms (ActiveRecord: 2.0ms)

ActionView::Template::Error (TypeError: O objeto não dá suporte para a propriedade ou método):
    3: <head>
    4:   <title>Desafiord</title>
    5:   <link rel="stylesheet" href="http://railsgirls.com/assets/bootstrap.css">
    6:   <%= stylesheet_link_tag    'application', media: 'all', 'data-turbolinks-track' => true %>
    7:   <!--%= javascript_include_tag 'application', 'data-turbolinks-track' => true %-->
    8:   <%= csrf_meta_tags %>
    9: </head>
  app/views/layouts/application.html.erb:6:in `_app_views_layouts_application_html_erb___86780860_50380200'


  Rendered C:/Ruby22/lib/ruby/gems/2.2.0/gems/actionpack-4.2.5.1/lib/action_dispatch/middleware/templates/rescues/_source.erb (1.0ms)
  Rendered C:/Ruby22/lib/ruby/gems/2.2.0/gems/actionpack-4.2.5.1/lib/action_dispatch/middleware/templates/rescues/_trace.html.erb (16.0ms)
  Rendered C:/Ruby22/lib/ruby/gems/2.2.0/gems/actionpack-4.2.5.1/lib/action_dispatch/middleware/templates/rescues/_request_and_response.html.erb (0.0ms)
  Rendered C:/Ruby22/lib/ruby/gems/2.2.0/gems/actionpack-4.2.5.1/lib/action_dispatch/middleware/templates/rescues/template_error.html.erb within rescues/layout (1368.0ms)
  Rendered C:/Ruby22/lib/ruby/gems/2.2.0/gems/web-console-2.3.0/lib/web_console/templates/_markup.html.erb (0.0ms)
  Rendered C:/Ruby22/lib/ruby/gems/2.2.0/gems/web-console-2.3.0/lib/web_console/templates/_inner_console_markup.html.erb within layouts/inlined_string (0.0ms)
  Rendered C:/Ruby22/lib/ruby/gems/2.2.0/gems/web-console-2.3.0/lib/web_console/templates/_prompt_box_markup.html.erb within layouts/inlined_string (1.0ms)
  Rendered C:/Ruby22/lib/ruby/gems/2.2.0/gems/web-console-2.3.0/lib/web_console/templates/style.css.erb within layouts/inlined_string (0.0ms)
  Rendered C:/Ruby22/lib/ruby/gems/2.2.0/gems/web-console-2.3.0/lib/web_console/templates/console.js.erb within layouts/javascript (1210.9ms)
  Rendered C:/Ruby22/lib/ruby/gems/2.2.0/gems/web-console-2.3.0/lib/web_console/templates/main.js.erb within layouts/javascript (0.0ms)
  Rendered C:/Ruby22/lib/ruby/gems/2.2.0/gems/web-console-2.3.0/lib/web_console/templates/error_page.js.erb within layouts/javascript (0.0ms)
  Rendered C:/Ruby22/lib/ruby/gems/2.2.0/gems/web-console-2.3.0/lib/web_console/templates/index.html.erb (2852.0ms)


Started GET "/contatos" for ::1 at 2016-02-12 23:29:12 -0200
Processing by ContatosController#index as HTML
  [1m[36mContato Load (0.0ms)[0m  [1mSELECT "contatos".* FROM "contatos"[0m
  Rendered contatos/index.html.erb within layouts/application (3.0ms)
Completed 200 OK in 70ms (Views: 69.6ms | ActiveRecord: 0.0ms)


Started GET "/contatos" for ::1 at 2016-02-12 23:36:31 -0200
  [1m[36mActiveRecord::SchemaMigration Load (0.0ms)[0m  [1mSELECT "schema_migrations".* FROM "schema_migrations"[0m
Processing by ContatosController#index as HTML
  [1m[35mContato Load (0.0ms)[0m  SELECT "contatos".* FROM "contatos"
  Rendered contatos/index.html.erb within layouts/application (6.0ms)
Completed 200 OK in 102ms (Views: 84.1ms | ActiveRecord: 0.0ms)


Started GET "/contatos" for ::1 at 2016-02-12 23:36:40 -0200
Processing by ContatosController#index as HTML
  [1m[36mContato Load (0.5ms)[0m  [1mSELECT "contatos".* FROM "contatos"[0m
  Rendered contatos/index.html.erb within layouts/application (4.5ms)
Completed 200 OK in 183ms (Views: 179.7ms | ActiveRecord: 0.5ms)


Started GET "/contatos" for ::1 at 2016-02-12 23:36:53 -0200
Processing by ContatosController#index as HTML
  [1m[35mContato Load (1.0ms)[0m  SELECT "contatos".* FROM "contatos"
  Rendered contatos/index.html.erb within layouts/application (3.0ms)
Completed 200 OK in 146ms (Views: 143.3ms | ActiveRecord: 1.0ms)


Started GET "/contatos" for ::1 at 2016-02-12 23:37:59 -0200
Processing by ContatosController#index as HTML
  [1m[36mContato Load (0.0ms)[0m  [1mSELECT "contatos".* FROM "contatos"[0m
  Rendered contatos/index.html.erb within layouts/application (5.0ms)
Completed 200 OK in 132ms (Views: 130.8ms | ActiveRecord: 0.0ms)


Started GET "/contatos" for ::1 at 2016-02-12 23:40:25 -0200
Processing by ContatosController#index as HTML
  [1m[35mContato Load (0.0ms)[0m  SELECT "contatos".* FROM "contatos"
  Rendered contatos/index.html.erb within layouts/application (3.0ms)
Completed 200 OK in 143ms (Views: 140.6ms | ActiveRecord: 0.0ms)


Started GET "/contatos" for 127.0.0.1 at 2016-02-12 23:40:45 -0200
  [1m[36mActiveRecord::SchemaMigration Load (0.0ms)[0m  [1mSELECT "schema_migrations".* FROM "schema_migrations"[0m
Processing by ContatosController#index as HTML
  [1m[35mContato Load (0.0ms)[0m  SELECT "contatos".* FROM "contatos"
  Rendered contatos/index.html.erb within layouts/application (6.0ms)
Completed 200 OK in 101ms (Views: 83.7ms | ActiveRecord: 0.0ms)


Started GET "/contatos" for ::1 at 2016-02-12 23:41:35 -0200
Processing by ContatosController#index as HTML
  [1m[36mContato Load (0.0ms)[0m  [1mSELECT "contatos".* FROM "contatos"[0m
  Rendered contatos/index.html.erb within layouts/application (2.0ms)
Completed 200 OK in 71ms (Views: 70.5ms | ActiveRecord: 0.0ms)


Started GET "/contatos" for ::1 at 2016-02-12 23:41:37 -0200
Processing by ContatosController#index as HTML
  [1m[35mContato Load (0.0ms)[0m  SELECT "contatos".* FROM "contatos"
  Rendered contatos/index.html.erb within layouts/application (3.0ms)
Completed 200 OK in 70ms (Views: 69.4ms | ActiveRecord: 0.0ms)


Started GET "/contatos" for ::1 at 2016-02-12 23:41:37 -0200
Processing by ContatosController#index as HTML
  [1m[36mContato Load (0.0ms)[0m  [1mSELECT "contatos".* FROM "contatos"[0m
  Rendered contatos/index.html.erb within layouts/application (3.0ms)
Completed 200 OK in 71ms (Views: 69.9ms | ActiveRecord: 0.0ms)


Started GET "/contatos" for ::1 at 2016-02-12 23:41:37 -0200
Processing by ContatosController#index as HTML
  [1m[35mContato Load (1.0ms)[0m  SELECT "contatos".* FROM "contatos"
  Rendered contatos/index.html.erb within layouts/application (3.0ms)
Completed 200 OK in 70ms (Views: 67.3ms | ActiveRecord: 1.0ms)


Started GET "/contatos" for ::1 at 2016-02-12 23:48:19 -0200
  [1m[36mActiveRecord::SchemaMigration Load (0.0ms)[0m  [1mSELECT "schema_migrations".* FROM "schema_migrations"[0m
Processing by ContatosController#index as HTML
  [1m[35mContato Load (0.0ms)[0m  SELECT "contatos".* FROM "contatos"
  Rendered contatos/index.html.erb within layouts/application (5.7ms)
Completed 200 OK in 102ms (Views: 85.0ms | ActiveRecord: 0.0ms)


Started GET "/" for ::1 at 2016-02-12 23:48:23 -0200
Processing by Rails::WelcomeController#index as HTML
  Rendered C:/Ruby22/lib/ruby/gems/2.2.0/gems/railties-4.2.5.1/lib/rails/templates/rails/welcome/index.html.erb (2.0ms)
Completed 200 OK in 56ms (Views: 54.8ms | ActiveRecord: 0.0ms)


Started GET "/contatos" for ::1 at 2016-02-12 23:48:27 -0200
Processing by ContatosController#index as HTML
  [1m[36mContato Load (0.0ms)[0m  [1mSELECT "contatos".* FROM "contatos"[0m
  Rendered contatos/index.html.erb within layouts/application (3.0ms)
Completed 200 OK in 75ms (Views: 74.5ms | ActiveRecord: 0.0ms)


Started GET "/contatos/new" for ::1 at 2016-02-12 23:48:30 -0200
Processing by ContatosController#new as HTML
  Rendered contatos/_form.html.erb (30.0ms)
  Rendered contatos/new.html.erb within layouts/application (57.0ms)
Completed 200 OK in 131ms (Views: 124.8ms | ActiveRecord: 0.0ms)


Started GET "/contatos" for ::1 at 2016-02-12 23:48:34 -0200
Processing by ContatosController#index as HTML
  [1m[35mContato Load (0.0ms)[0m  SELECT "contatos".* FROM "contatos"
  Rendered contatos/index.html.erb within layouts/application (1.6ms)
Completed 200 OK in 70ms (Views: 69.5ms | ActiveRecord: 0.0ms)


Started GET "/contatos" for ::1 at 2016-02-12 23:49:43 -0200
  [1m[36mActiveRecord::SchemaMigration Load (1.0ms)[0m  [1mSELECT "schema_migrations".* FROM "schema_migrations"[0m
Processing by ContatosController#index as HTML
  [1m[35mContato Load (1.0ms)[0m  SELECT "contatos".* FROM "contatos"
  Rendered contatos/index.html.erb within layouts/application (6.0ms)
Completed 200 OK in 106ms (Views: 86.2ms | ActiveRecord: 2.0ms)


Started GET "/contatos" for ::1 at 2016-02-12 23:49:46 -0200
Processing by ContatosController#index as HTML
  [1m[36mContato Load (0.0ms)[0m  [1mSELECT "contatos".* FROM "contatos"[0m
  Rendered contatos/index.html.erb within layouts/application (3.0ms)
Completed 200 OK in 201ms (Views: 199.0ms | ActiveRecord: 0.0ms)


Started GET "/contatos" for ::1 at 2016-02-12 23:53:16 -0200
  [1m[36mActiveRecord::SchemaMigration Load (0.0ms)[0m  [1mSELECT "schema_migrations".* FROM "schema_migrations"[0m
Processing by ContatosController#index as HTML
  [1m[35mContato Load (0.0ms)[0m  SELECT "contatos".* FROM "contatos"
  Rendered contatos/index.html.erb within layouts/application (6.0ms)
Completed 200 OK in 103ms (Views: 84.3ms | ActiveRecord: 0.0ms)


Started GET "/contatos" for ::1 at 2016-02-12 23:53:19 -0200
Processing by ContatosController#index as HTML
  [1m[36mContato Load (0.0ms)[0m  [1mSELECT "contatos".* FROM "contatos"[0m
  Rendered contatos/index.html.erb within layouts/application (3.0ms)
Completed 200 OK in 69ms (Views: 69.0ms | ActiveRecord: 0.0ms)


Started GET "/contatos" for ::1 at 2016-02-12 23:53:24 -0200
Processing by ContatosController#index as HTML
  [1m[35mContato Load (0.0ms)[0m  SELECT "contatos".* FROM "contatos"
  Rendered contatos/index.html.erb within layouts/application (1.8ms)
Completed 200 OK in 73ms (Views: 72.9ms | ActiveRecord: 0.0ms)


Started GET "/contatos" for ::1 at 2016-02-12 23:53:32 -0200
Processing by ContatosController#index as HTML
  [1m[36mContato Load (0.0ms)[0m  [1mSELECT "contatos".* FROM "contatos"[0m
  Rendered contatos/index.html.erb within layouts/application (3.0ms)
Completed 200 OK in 71ms (Views: 70.4ms | ActiveRecord: 0.0ms)


Started GET "/contatos" for ::1 at 2016-02-12 23:53:47 -0200
Processing by ContatosController#index as HTML
  [1m[35mContato Load (0.0ms)[0m  SELECT "contatos".* FROM "contatos"
  Rendered contatos/index.html.erb within layouts/application (2.0ms)
Completed 200 OK in 71ms (Views: 71.4ms | ActiveRecord: 0.0ms)


Started GET "/contatos" for ::1 at 2016-02-12 23:54:55 -0200
Processing by ContatosController#index as HTML
  [1m[36mContato Load (1.0ms)[0m  [1mSELECT "contatos".* FROM "contatos"[0m
  Rendered contatos/index.html.erb within layouts/application (2.0ms)
Completed 200 OK in 80ms (Views: 79.0ms | ActiveRecord: 1.0ms)


Started GET "/contatos" for ::1 at 2016-02-12 23:55:13 -0200
Processing by ContatosController#index as HTML
  [1m[35mContato Load (1.0ms)[0m  SELECT "contatos".* FROM "contatos"
  Rendered contatos/index.html.erb within layouts/application (2.0ms)
Completed 500 Internal Server Error in 3779ms (ActiveRecord: 1.0ms)

ActionView::Template::Error (TypeError: O objeto não dá suporte para a propriedade ou método):
    3: <head>
    4:   <title>Desafiord</title>
    5:   <!--%= stylesheet_link_tag    'application', media: 'all', 'data-turbolinks-track' => true %-->
    6:   <%= javascript_include_tag 'application', 'data-turbolinks-track' => true %>
    7:   <%= csrf_meta_tags %>
    8: </head>
    9: <body>
  app/views/layouts/application.html.erb:6:in `_app_views_layouts_application_html_erb__207727159_49105776'


  Rendered C:/Ruby22/lib/ruby/gems/2.2.0/gems/actionpack-4.2.5.1/lib/action_dispatch/middleware/templates/rescues/_source.erb (1.0ms)
  Rendered C:/Ruby22/lib/ruby/gems/2.2.0/gems/actionpack-4.2.5.1/lib/action_dispatch/middleware/templates/rescues/_trace.html.erb (4.0ms)
  Rendered C:/Ruby22/lib/ruby/gems/2.2.0/gems/actionpack-4.2.5.1/lib/action_dispatch/middleware/templates/rescues/_request_and_response.html.erb (3.0ms)
  Rendered C:/Ruby22/lib/ruby/gems/2.2.0/gems/actionpack-4.2.5.1/lib/action_dispatch/middleware/templates/rescues/template_error.html.erb within rescues/layout (1849.3ms)
  Rendered C:/Ruby22/lib/ruby/gems/2.2.0/gems/web-console-2.3.0/lib/web_console/templates/_markup.html.erb (1.0ms)
  Rendered C:/Ruby22/lib/ruby/gems/2.2.0/gems/web-console-2.3.0/lib/web_console/templates/_inner_console_markup.html.erb within layouts/inlined_string (0.0ms)
  Rendered C:/Ruby22/lib/ruby/gems/2.2.0/gems/web-console-2.3.0/lib/web_console/templates/_prompt_box_markup.html.erb within layouts/inlined_string (0.0ms)
  Rendered C:/Ruby22/lib/ruby/gems/2.2.0/gems/web-console-2.3.0/lib/web_console/templates/style.css.erb within layouts/inlined_string (0.0ms)
  Rendered C:/Ruby22/lib/ruby/gems/2.2.0/gems/web-console-2.3.0/lib/web_console/templates/console.js.erb within layouts/javascript (1285.1ms)
  Rendered C:/Ruby22/lib/ruby/gems/2.2.0/gems/web-console-2.3.0/lib/web_console/templates/main.js.erb within layouts/javascript (0.0ms)
  Rendered C:/Ruby22/lib/ruby/gems/2.2.0/gems/web-console-2.3.0/lib/web_console/templates/error_page.js.erb within layouts/javascript (0.0ms)
  Rendered C:/Ruby22/lib/ruby/gems/2.2.0/gems/web-console-2.3.0/lib/web_console/templates/index.html.erb (3413.2ms)


Started GET "/contatos" for ::1 at 2016-02-12 23:56:11 -0200
Processing by ContatosController#index as HTML
  [1m[36mContato Load (0.0ms)[0m  [1mSELECT "contatos".* FROM "contatos"[0m
  Rendered contatos/index.html.erb within layouts/application (4.0ms)
Completed 200 OK in 134ms (Views: 132.6ms | ActiveRecord: 0.0ms)


Started GET "/contatos" for ::1 at 2016-02-12 23:56:22 -0200
Processing by ContatosController#index as HTML
  [1m[35mContato Load (0.0ms)[0m  SELECT "contatos".* FROM "contatos"
  Rendered contatos/index.html.erb within layouts/application (3.0ms)
Completed 200 OK in 221ms (Views: 219.5ms | ActiveRecord: 0.0ms)


Started GET "/contatos/new" for ::1 at 2016-02-12 23:56:30 -0200
Processing by ContatosController#new as HTML
  Rendered contatos/_form.html.erb (29.0ms)
  Rendered contatos/new.html.erb within layouts/application (52.0ms)
Completed 200 OK in 144ms (Views: 134.3ms | ActiveRecord: 1.0ms)


Started POST "/contatos" for ::1 at 2016-02-12 23:56:49 -0200
Processing by ContatosController#create as HTML
  Parameters: {"utf8"=>"✓", "authenticity_token"=>"qRCwcuD7CvT6TI9ijI5hTdDljJS11FwAAOklU/PX565h/SmsOgX/kLQhloxpVSzsJU1s2rJkkLsxPmSPk4jeJg==", "contato"=>{"nome"=>"Leandro Vasconcelos", "email"=>"lesvasconcelos@gmail.com", "idade"=>"31", "estado"=>"Rio Grande do Sul", "cargo"=>"Analista"}, "commit"=>"Create Contato"}
  [1m[36m (0.0ms)[0m  [1mbegin transaction[0m
  [1m[35mSQL (2.0ms)[0m  INSERT INTO "contatos" ("nome", "email", "idade", "estado", "cargo", "created_at", "updated_at") VALUES (?, ?, ?, ?, ?, ?, ?)  [["nome", "Leandro Vasconcelos"], ["email", "lesvasconcelos@gmail.com"], ["idade", 31], ["estado", "Rio Grande do Sul"], ["cargo", "Analista"], ["created_at", "2016-02-13 01:56:49.085899"], ["updated_at", "2016-02-13 01:56:49.085899"]]
  [1m[36m (17.1ms)[0m  [1mcommit transaction[0m
Redirected to http://localhost:3000/contatos/1
Completed 302 Found in 49ms (ActiveRecord: 19.1ms)


Started GET "/contatos/1" for ::1 at 2016-02-12 23:56:49 -0200
Processing by ContatosController#show as HTML
  Parameters: {"id"=>"1"}
  [1m[35mContato Load (0.0ms)[0m  SELECT  "contatos".* FROM "contatos" WHERE "contatos"."id" = ? LIMIT 1  [["id", 1]]
  Rendered contatos/show.html.erb within layouts/application (1.0ms)
Completed 200 OK in 177ms (Views: 121.3ms | ActiveRecord: 0.0ms)


Started GET "/contatos" for ::1 at 2016-02-12 23:56:53 -0200
Processing by ContatosController#index as HTML
  [1m[36mContato Load (0.0ms)[0m  [1mSELECT "contatos".* FROM "contatos"[0m
  Rendered contatos/index.html.erb within layouts/application (3.0ms)
Completed 200 OK in 71ms (Views: 70.8ms | ActiveRecord: 0.0ms)


Started GET "/contatos" for ::1 at 2016-02-13 00:03:49 -0200
  [1m[36mActiveRecord::SchemaMigration Load (0.0ms)[0m  [1mSELECT "schema_migrations".* FROM "schema_migrations"[0m
Processing by ContatosController#index as HTML
  [1m[35mContato Load (4.0ms)[0m  SELECT "contatos".* FROM "contatos"
  Rendered contatos/index.html.erb within layouts/application (12.0ms)
Completed 200 OK in 108ms (Views: 87.1ms | ActiveRecord: 4.0ms)


Started GET "/contatos" for ::1 at 2016-02-13 00:03:51 -0200
Processing by ContatosController#index as HTML
  [1m[36mContato Load (4.0ms)[0m  [1mSELECT "contatos".* FROM "contatos"[0m
  Rendered contatos/index.html.erb within layouts/application (8.0ms)
Completed 200 OK in 220ms (Views: 214.1ms | ActiveRecord: 4.0ms)


Started GET "/" for ::1 at 2016-02-13 00:06:12 -0200
Processing by Rails::WelcomeController#index as HTML
  Rendered C:/Ruby22/lib/ruby/gems/2.2.0/gems/railties-4.2.5.1/lib/rails/templates/rails/welcome/index.html.erb (1.0ms)
Completed 200 OK in 43ms (Views: 42.1ms | ActiveRecord: 0.0ms)


Started GET "/" for ::1 at 2016-02-13 00:07:17 -0200


Started GET "/contatos" for ::1 at 2016-02-13 00:07:17 -0200
Processing by ContatosController#index as HTML
  [1m[35mContato Load (1.0ms)[0m  SELECT "contatos".* FROM "contatos"
  Rendered contatos/index.html.erb within layouts/application (8.4ms)
Completed 200 OK in 84ms (Views: 79.1ms | ActiveRecord: 1.0ms)


Started GET "/" for ::1 at 2016-02-13 13:02:26 -0200


Started GET "/contatos" for ::1 at 2016-02-13 13:02:26 -0200
Processing by ContatosController#index as HTML
  [1m[36mContato Load (1.0ms)[0m  [1mSELECT "contatos".* FROM "contatos"[0m
  Rendered contatos/index.html.erb within layouts/application (3.0ms)
Completed 200 OK in 57ms (Views: 56.3ms | ActiveRecord: 1.0ms)


Started GET "/" for ::1 at 2016-02-13 13:02:30 -0200


Started GET "/contatos" for ::1 at 2016-02-13 13:02:30 -0200
Processing by ContatosController#index as HTML
  [1m[35mContato Load (0.0ms)[0m  SELECT "contatos".* FROM "contatos"
  Rendered contatos/index.html.erb within layouts/application (2.0ms)
Completed 200 OK in 56ms (Views: 56.1ms | ActiveRecord: 0.0ms)


Started GET "/contatos" for ::1 at 2016-02-13 13:02:33 -0200
Processing by ContatosController#index as HTML
  [1m[36mContato Load (1.0ms)[0m  [1mSELECT "contatos".* FROM "contatos"[0m
  Rendered contatos/index.html.erb within layouts/application (3.0ms)
Completed 200 OK in 59ms (Views: 57.2ms | ActiveRecord: 1.0ms)


Started GET "/contatos" for ::1 at 2016-02-13 13:04:44 -0200
Processing by ContatosController#index as HTML
  [1m[35mContato Load (0.0ms)[0m  SELECT "contatos".* FROM "contatos"
  Rendered contatos/index.html.erb within layouts/application (2.0ms)
Completed 200 OK in 59ms (Views: 58.2ms | ActiveRecord: 0.0ms)


Started GET "/regras" for ::1 at 2016-02-13 13:04:49 -0200

ActionController::RoutingError (No route matches [GET] "/regras"):
  actionpack (4.2.5.1) lib/action_dispatch/middleware/debug_exceptions.rb:21:in `call'
  web-console (2.3.0) lib/web_console/middleware.rb:28:in `block in call'
  web-console (2.3.0) lib/web_console/middleware.rb:18:in `catch'
  web-console (2.3.0) lib/web_console/middleware.rb:18:in `call'
  actionpack (4.2.5.1) lib/action_dispatch/middleware/show_exceptions.rb:30:in `call'
  railties (4.2.5.1) lib/rails/rack/logger.rb:38:in `call_app'
  railties (4.2.5.1) lib/rails/rack/logger.rb:20:in `block in call'
  activesupport (4.2.5.1) lib/active_support/tagged_logging.rb:68:in `block in tagged'
  activesupport (4.2.5.1) lib/active_support/tagged_logging.rb:26:in `tagged'
  activesupport (4.2.5.1) lib/active_support/tagged_logging.rb:68:in `tagged'
  railties (4.2.5.1) lib/rails/rack/logger.rb:20:in `call'
  actionpack (4.2.5.1) lib/action_dispatch/middleware/request_id.rb:21:in `call'
  rack (1.6.4) lib/rack/methodoverride.rb:22:in `call'
  rack (1.6.4) lib/rack/runtime.rb:18:in `call'
  activesupport (4.2.5.1) lib/active_support/cache/strategy/local_cache_middleware.rb:28:in `call'
  rack (1.6.4) lib/rack/lock.rb:17:in `call'
  actionpack (4.2.5.1) lib/action_dispatch/middleware/static.rb:116:in `call'
  rack (1.6.4) lib/rack/sendfile.rb:113:in `call'
  railties (4.2.5.1) lib/rails/engine.rb:518:in `call'
  railties (4.2.5.1) lib/rails/application.rb:165:in `call'
  rack (1.6.4) lib/rack/lock.rb:17:in `call'
  rack (1.6.4) lib/rack/content_length.rb:15:in `call'
  rack (1.6.4) lib/rack/handler/webrick.rb:88:in `service'
  C:/Ruby22/lib/ruby/2.2.0/webrick/httpserver.rb:138:in `service'
  C:/Ruby22/lib/ruby/2.2.0/webrick/httpserver.rb:94:in `run'
  C:/Ruby22/lib/ruby/2.2.0/webrick/server.rb:294:in `block in start_thread'


  Rendered C:/Ruby22/lib/ruby/gems/2.2.0/gems/actionpack-4.2.5.1/lib/action_dispatch/middleware/templates/rescues/_trace.html.erb (2.0ms)
  Rendered C:/Ruby22/lib/ruby/gems/2.2.0/gems/actionpack-4.2.5.1/lib/action_dispatch/middleware/templates/routes/_route.html.erb (2.0ms)
  Rendered C:/Ruby22/lib/ruby/gems/2.2.0/gems/actionpack-4.2.5.1/lib/action_dispatch/middleware/templates/routes/_table.html.erb (19.0ms)
  Rendered C:/Ruby22/lib/ruby/gems/2.2.0/gems/actionpack-4.2.5.1/lib/action_dispatch/middleware/templates/rescues/_request_and_response.html.erb (1.0ms)
  Rendered C:/Ruby22/lib/ruby/gems/2.2.0/gems/actionpack-4.2.5.1/lib/action_dispatch/middleware/templates/rescues/routing_error.html.erb within rescues/layout (1586.2ms)
  Rendered C:/Ruby22/lib/ruby/gems/2.2.0/gems/web-console-2.3.0/lib/web_console/templates/_markup.html.erb (0.0ms)
  Rendered C:/Ruby22/lib/ruby/gems/2.2.0/gems/web-console-2.3.0/lib/web_console/templates/_inner_console_markup.html.erb within layouts/inlined_string (0.0ms)
  Rendered C:/Ruby22/lib/ruby/gems/2.2.0/gems/web-console-2.3.0/lib/web_console/templates/_prompt_box_markup.html.erb within layouts/inlined_string (0.0ms)
  Rendered C:/Ruby22/lib/ruby/gems/2.2.0/gems/web-console-2.3.0/lib/web_console/templates/style.css.erb within layouts/inlined_string (0.0ms)
  Rendered C:/Ruby22/lib/ruby/gems/2.2.0/gems/web-console-2.3.0/lib/web_console/templates/console.js.erb within layouts/javascript (1295.9ms)
  Rendered C:/Ruby22/lib/ruby/gems/2.2.0/gems/web-console-2.3.0/lib/web_console/templates/main.js.erb within layouts/javascript (0.0ms)
  Rendered C:/Ruby22/lib/ruby/gems/2.2.0/gems/web-console-2.3.0/lib/web_console/templates/error_page.js.erb within layouts/javascript (0.0ms)
  Rendered C:/Ruby22/lib/ruby/gems/2.2.0/gems/web-console-2.3.0/lib/web_console/templates/index.html.erb (2566.0ms)


Started GET "/regras" for ::1 at 2016-02-13 13:14:31 -0200
  [1m[36mActiveRecord::SchemaMigration Load (0.0ms)[0m  [1mSELECT "schema_migrations".* FROM "schema_migrations"[0m

ActiveRecord::PendingMigrationError (

Migrations are pending. To resolve this issue, run:

	bin/rake db:migrate RAILS_ENV=development

):
  activerecord (4.2.5.1) lib/active_record/migration.rb:392:in `check_pending!'
  activerecord (4.2.5.1) lib/active_record/migration.rb:373:in `call'
  actionpack (4.2.5.1) lib/action_dispatch/middleware/callbacks.rb:29:in `block in call'
  activesupport (4.2.5.1) lib/active_support/callbacks.rb:88:in `__run_callbacks__'
  activesupport (4.2.5.1) lib/active_support/callbacks.rb:778:in `_run_call_callbacks'
  activesupport (4.2.5.1) lib/active_support/callbacks.rb:81:in `run_callbacks'
  actionpack (4.2.5.1) lib/action_dispatch/middleware/callbacks.rb:27:in `call'
  actionpack (4.2.5.1) lib/action_dispatch/middleware/reloader.rb:73:in `call'
  actionpack (4.2.5.1) lib/action_dispatch/middleware/remote_ip.rb:78:in `call'
  actionpack (4.2.5.1) lib/action_dispatch/middleware/debug_exceptions.rb:17:in `call'
  web-console (2.3.0) lib/web_console/middleware.rb:28:in `block in call'
  web-console (2.3.0) lib/web_console/middleware.rb:18:in `catch'
  web-console (2.3.0) lib/web_console/middleware.rb:18:in `call'
  actionpack (4.2.5.1) lib/action_dispatch/middleware/show_exceptions.rb:30:in `call'
  railties (4.2.5.1) lib/rails/rack/logger.rb:38:in `call_app'
  railties (4.2.5.1) lib/rails/rack/logger.rb:20:in `block in call'
  activesupport (4.2.5.1) lib/active_support/tagged_logging.rb:68:in `block in tagged'
  activesupport (4.2.5.1) lib/active_support/tagged_logging.rb:26:in `tagged'
  activesupport (4.2.5.1) lib/active_support/tagged_logging.rb:68:in `tagged'
  railties (4.2.5.1) lib/rails/rack/logger.rb:20:in `call'
  actionpack (4.2.5.1) lib/action_dispatch/middleware/request_id.rb:21:in `call'
  rack (1.6.4) lib/rack/methodoverride.rb:22:in `call'
  rack (1.6.4) lib/rack/runtime.rb:18:in `call'
  activesupport (4.2.5.1) lib/active_support/cache/strategy/local_cache_middleware.rb:28:in `call'
  rack (1.6.4) lib/rack/lock.rb:17:in `call'
  actionpack (4.2.5.1) lib/action_dispatch/middleware/static.rb:116:in `call'
  rack (1.6.4) lib/rack/sendfile.rb:113:in `call'
  railties (4.2.5.1) lib/rails/engine.rb:518:in `call'
  railties (4.2.5.1) lib/rails/application.rb:165:in `call'
  rack (1.6.4) lib/rack/lock.rb:17:in `call'
  rack (1.6.4) lib/rack/content_length.rb:15:in `call'
  rack (1.6.4) lib/rack/handler/webrick.rb:88:in `service'
  C:/Ruby22/lib/ruby/2.2.0/webrick/httpserver.rb:138:in `service'
  C:/Ruby22/lib/ruby/2.2.0/webrick/httpserver.rb:94:in `run'
  C:/Ruby22/lib/ruby/2.2.0/webrick/server.rb:294:in `block in start_thread'


  Rendered C:/Ruby22/lib/ruby/gems/2.2.0/gems/actionpack-4.2.5.1/lib/action_dispatch/middleware/templates/rescues/_source.erb (0.0ms)
  Rendered C:/Ruby22/lib/ruby/gems/2.2.0/gems/actionpack-4.2.5.1/lib/action_dispatch/middleware/templates/rescues/_trace.html.erb (2.0ms)
  Rendered C:/Ruby22/lib/ruby/gems/2.2.0/gems/actionpack-4.2.5.1/lib/action_dispatch/middleware/templates/rescues/_request_and_response.html.erb (1.0ms)
  Rendered C:/Ruby22/lib/ruby/gems/2.2.0/gems/actionpack-4.2.5.1/lib/action_dispatch/middleware/templates/rescues/diagnostics.html.erb within rescues/layout (1033.7ms)
  Rendered C:/Ruby22/lib/ruby/gems/2.2.0/gems/web-console-2.3.0/lib/web_console/templates/_markup.html.erb (0.0ms)
  Rendered C:/Ruby22/lib/ruby/gems/2.2.0/gems/web-console-2.3.0/lib/web_console/templates/_inner_console_markup.html.erb within layouts/inlined_string (0.0ms)
  Rendered C:/Ruby22/lib/ruby/gems/2.2.0/gems/web-console-2.3.0/lib/web_console/templates/_prompt_box_markup.html.erb within layouts/inlined_string (1.0ms)
  Rendered C:/Ruby22/lib/ruby/gems/2.2.0/gems/web-console-2.3.0/lib/web_console/templates/style.css.erb within layouts/inlined_string (1.0ms)
  Rendered C:/Ruby22/lib/ruby/gems/2.2.0/gems/web-console-2.3.0/lib/web_console/templates/console.js.erb within layouts/javascript (1352.2ms)
  Rendered C:/Ruby22/lib/ruby/gems/2.2.0/gems/web-console-2.3.0/lib/web_console/templates/main.js.erb within layouts/javascript (0.0ms)
  Rendered C:/Ruby22/lib/ruby/gems/2.2.0/gems/web-console-2.3.0/lib/web_console/templates/error_page.js.erb within layouts/javascript (1.0ms)
  Rendered C:/Ruby22/lib/ruby/gems/2.2.0/gems/web-console-2.3.0/lib/web_console/templates/index.html.erb (3393.5ms)
  [1m[36mActiveRecord::SchemaMigration Load (0.0ms)[0m  [1mSELECT "schema_migrations".* FROM "schema_migrations"[0m
Migrating to CreateRegras (20160213150904)
  [1m[35m (0.0ms)[0m  begin transaction
  [1m[36m (3.0ms)[0m  [1mCREATE TABLE "regras" ("id" INTEGER PRIMARY KEY AUTOINCREMENT NOT NULL, "criterio" varchar, "created_at" datetime NOT NULL, "updated_at" datetime NOT NULL) [0m
  [1m[35mSQL (1.0ms)[0m  INSERT INTO "schema_migrations" ("version") VALUES (?)  [["version", "20160213150904"]]
  [1m[36m (14.7ms)[0m  [1mcommit transaction[0m
  [1m[35mActiveRecord::SchemaMigration Load (0.0ms)[0m  SELECT "schema_migrations".* FROM "schema_migrations"


Started GET "/regras" for ::1 at 2016-02-13 13:17:04 -0200
  [1m[36mActiveRecord::SchemaMigration Load (1.0ms)[0m  [1mSELECT "schema_migrations".* FROM "schema_migrations"[0m
Processing by RegrasController#index as HTML
  [1m[35mRegra Load (1.0ms)[0m  SELECT "regras".* FROM "regras"
  Rendered regras/index.html.erb within layouts/application (5.0ms)
Completed 200 OK in 88ms (Views: 69.8ms | ActiveRecord: 1.0ms)


Started GET "/regras/new" for ::1 at 2016-02-13 13:17:07 -0200
Processing by RegrasController#new as HTML
  Rendered regras/_form.html.erb (32.0ms)
  Rendered regras/new.html.erb within layouts/application (61.0ms)
Completed 200 OK in 142ms (Views: 138.6ms | ActiveRecord: 1.0ms)
